2022-11-16T22:34:41-0300 - __main__ - INFO - Initializing process... 
2022-11-16T22:34:41-0300 - src.extraction - INFO - Initializing data extraction...
2022-11-16T22:34:41-0300 - src.extraction - INFO - Data extraction finished
2022-11-16T22:34:41-0300 - src.processing - INFO - Initializing data processing...
2022-11-16T22:34:41-0300 - src.processing - INFO - Data processing finished
2022-11-16T22:34:42-0300 - src.loading1 - INFO - Table created successfully
2022-11-16T22:38:18-0300 - __main__ - INFO - Initializing process... 
2022-11-16T22:38:18-0300 - src.extraction - INFO - Initializing data extraction...
2022-11-16T22:38:19-0300 - src.extraction - INFO - Data extraction finished
2022-11-16T22:38:19-0300 - src.processing - INFO - Initializing data processing...
2022-11-16T22:38:19-0300 - src.processing - INFO - Data processing finished
2022-11-16T22:38:19-0300 - src.loading1 - INFO - Table created successfully
2022-11-20T20:22:29-0300 - __main__ - INFO - Initializing process... 
2022-11-20T20:22:29-0300 - src.extraction - INFO - Initializing data extraction...
2022-11-20T20:22:31-0300 - src.extraction - INFO - Data extraction finished
2022-11-20T20:22:31-0300 - src.processing - INFO - Initializing data processing...
2022-11-20T20:22:31-0300 - src.processing - INFO - Data processing finished
2022-11-20T20:22:31-0300 - __main__ - INFO - Process finished
2022-11-20T20:30:02-0300 - __main__ - INFO - Initializing process... 
2022-11-20T20:30:02-0300 - src.extraction - INFO - Initializing data extraction...
2022-11-20T20:30:03-0300 - src.extraction - INFO - Data extraction finished
2022-11-20T20:30:03-0300 - src.processing - INFO - Initializing data processing...
2022-11-20T20:30:04-0300 - src.processing - INFO - Data processing finished
2022-11-20T20:30:04-0300 - src.loading - INFO - Table created successfully
2022-11-20T20:30:04-0300 - __main__ - INFO - Process finished
2022-11-20T20:41:29-0300 - __main__ - INFO - Initializing process... 
2022-11-20T20:41:29-0300 - src.extraction - INFO - Initializing data extraction...
2022-11-20T20:41:31-0300 - src.extraction - INFO - Data extraction finished
2022-11-20T20:41:31-0300 - src.processing - INFO - Initializing data processing...
2022-11-20T20:41:31-0300 - src.processing - INFO - Data processing finished
2022-11-20T20:41:31-0300 - src.loading - INFO - Table created successfully
2022-11-20T20:41:31-0300 - __main__ - INFO - Process finished
2022-11-20T20:45:03-0300 - __main__ - INFO - Initializing process... 
2022-11-20T20:45:03-0300 - src.extraction - INFO - Initializing data extraction...
2022-11-20T20:45:05-0300 - src.extraction - INFO - Data extraction finished
2022-11-20T20:45:05-0300 - src.processing - INFO - Initializing data processing...
2022-11-20T20:45:05-0300 - src.processing - INFO - Data processing finished
2022-11-20T20:45:05-0300 - src.loading - INFO - Table created successfully
2022-11-20T20:45:05-0300 - __main__ - INFO - Process finished
2022-11-20T20:45:58-0300 - __main__ - INFO - Initializing process... 
2022-11-20T20:45:58-0300 - src.extraction - INFO - Initializing data extraction...
2022-11-20T20:45:59-0300 - src.extraction - INFO - Data extraction finished
2022-11-20T20:45:59-0300 - src.processing - INFO - Initializing data processing...
2022-11-20T20:45:59-0300 - src.processing - INFO - Data processing finished
2022-11-20T20:45:59-0300 - src.loading - INFO - Table created successfully
2022-11-20T20:45:59-0300 - __main__ - INFO - Process finished
2022-11-20T20:46:20-0300 - __main__ - INFO - Initializing process... 
2022-11-20T20:46:20-0300 - src.extraction - INFO - Initializing data extraction...
2022-11-20T20:46:21-0300 - src.extraction - INFO - Data extraction finished
2022-11-20T20:46:21-0300 - src.processing - INFO - Initializing data processing...
2022-11-20T20:46:21-0300 - src.processing - INFO - Data processing finished
2022-11-20T20:46:21-0300 - src.loading - INFO - Table created successfully
2022-11-20T20:46:21-0300 - __main__ - INFO - Process finished
2022-11-20T20:46:59-0300 - __main__ - INFO - Initializing process... 
2022-11-20T20:46:59-0300 - src.extraction - INFO - Initializing data extraction...
2022-11-20T20:47:00-0300 - src.extraction - INFO - Data extraction finished
2022-11-20T20:47:00-0300 - src.processing - INFO - Initializing data processing...
2022-11-20T20:47:01-0300 - src.processing - INFO - Data processing finished
2022-11-20T20:51:42-0300 - __main__ - INFO - Initializing process... 
2022-11-20T20:51:42-0300 - src.extraction - INFO - Initializing data extraction...
2022-11-20T20:51:44-0300 - src.extraction - INFO - Data extraction finished
2022-11-20T20:51:44-0300 - src.processing - INFO - Initializing data processing...
2022-11-20T20:51:44-0300 - src.processing - INFO - Data processing finished
2022-11-20T20:51:44-0300 - src.loading - ERROR - Could not connect to database
2022-11-20T20:52:32-0300 - __main__ - INFO - Initializing process... 
2022-11-20T20:52:32-0300 - src.extraction - INFO - Initializing data extraction...
2022-11-20T20:52:34-0300 - src.extraction - INFO - Data extraction finished
2022-11-20T20:52:34-0300 - src.processing - INFO - Initializing data processing...
2022-11-20T20:52:34-0300 - src.processing - INFO - Data processing finished
2022-11-20T20:52:34-0300 - src.loading - ERROR - Could not connect to database
2022-11-20T20:53:36-0300 - __main__ - INFO - Initializing process... 
2022-11-20T20:53:36-0300 - src.extraction - INFO - Initializing data extraction...
2022-11-20T20:53:37-0300 - src.extraction - INFO - Data extraction finished
2022-11-20T20:53:37-0300 - src.processing - INFO - Initializing data processing...
2022-11-20T20:53:37-0300 - src.processing - INFO - Data processing finished
2022-11-20T20:53:37-0300 - src.loading - ERROR - Could not connect to database
2022-11-20T20:54:20-0300 - __main__ - INFO - Initializing process... 
2022-11-20T20:54:20-0300 - src.extraction - INFO - Initializing data extraction...
2022-11-20T20:54:21-0300 - src.extraction - INFO - Data extraction finished
2022-11-20T20:54:21-0300 - src.processing - INFO - Initializing data processing...
2022-11-20T20:54:22-0300 - src.processing - INFO - Data processing finished
2022-11-20T20:54:22-0300 - src.loading - ERROR - Could not connect to database
2022-11-20T21:00:54-0300 - __main__ - INFO - Initializing process... 
2022-11-20T21:00:54-0300 - src.extraction - INFO - Initializing data extraction...
2022-11-20T21:00:55-0300 - src.extraction - INFO - Data extraction finished
2022-11-20T21:00:55-0300 - src.processing - INFO - Initializing data processing...
2022-11-20T21:00:55-0300 - src.processing - INFO - Data processing finished
2022-11-20T21:00:55-0300 - src.loading - ERROR - Could not connect to database
2022-11-20T21:00:55-0300 - src.loading - ERROR - Could not create table
2022-11-20T21:00:55-0300 - src.loading - INFO - Table created successfully
2022-11-20T21:00:55-0300 - src.loading - ERROR - Could not save data
2022-11-20T21:00:55-0300 - src.loading - ERROR - Could not retrieve information
2022-11-20T21:00:55-0300 - __main__ - INFO - Process finished
2022-11-20T21:06:49-0300 - __main__ - INFO - Initializing process... 
2022-11-20T21:06:49-0300 - src.extraction - INFO - Initializing data extraction...
2022-11-20T21:06:51-0300 - src.extraction - INFO - Data extraction finished
2022-11-20T21:06:51-0300 - src.processing - INFO - Initializing data processing...
2022-11-20T21:06:51-0300 - src.processing - INFO - Data processing finished
2022-11-20T21:06:51-0300 - src.loading - ERROR - Could not connect to database
2022-11-20T21:06:51-0300 - src.loading - ERROR - Could not create table
2022-11-20T21:06:51-0300 - src.loading - INFO - Table created successfully
2022-11-20T21:06:51-0300 - src.loading - ERROR - Could not save data
2022-11-20T21:06:51-0300 - src.loading - ERROR - Could not retrieve information
2022-11-20T21:06:51-0300 - __main__ - INFO - Process finished
2022-11-20T21:07:49-0300 - __main__ - INFO - Initializing process... 
2022-11-20T21:07:49-0300 - src.extraction - INFO - Initializing data extraction...
2022-11-20T21:07:51-0300 - src.extraction - INFO - Data extraction finished
2022-11-20T21:07:51-0300 - src.processing - INFO - Initializing data processing...
2022-11-20T21:07:51-0300 - src.processing - INFO - Data processing finished
2022-11-20T21:07:51-0300 - src.loading - ERROR - Could not connect to database
2022-11-20T21:07:51-0300 - src.loading - ERROR - Could not create table
2022-11-20T21:07:51-0300 - src.loading - ERROR - Could not save data
2022-11-20T21:07:51-0300 - src.loading - ERROR - Could not retrieve information
2022-11-20T21:07:51-0300 - __main__ - INFO - Process finished
2022-11-20T21:08:40-0300 - __main__ - INFO - Initializing process... 
2022-11-20T21:08:40-0300 - src.extraction - INFO - Initializing data extraction...
2022-11-20T21:08:42-0300 - src.extraction - INFO - Data extraction finished
2022-11-20T21:08:42-0300 - src.processing - INFO - Initializing data processing...
2022-11-20T21:08:42-0300 - src.processing - INFO - Data processing finished
2022-11-20T21:08:42-0300 - src.loading - ERROR - Could not connect to database
2022-11-20T21:08:42-0300 - src.loading - ERROR - Could not create table
2022-11-20T21:08:42-0300 - src.loading - ERROR - Could not save data
2022-11-20T21:08:42-0300 - src.loading - ERROR - Could not retrieve information
2022-11-20T21:08:42-0300 - __main__ - INFO - Process finished
2022-11-20T21:09:35-0300 - __main__ - INFO - Initializing process... 
2022-11-20T21:09:35-0300 - src.extraction - INFO - Initializing data extraction...
2022-11-20T21:09:37-0300 - src.extraction - INFO - Data extraction finished
2022-11-20T21:09:37-0300 - src.processing - INFO - Initializing data processing...
2022-11-20T21:09:37-0300 - src.processing - INFO - Data processing finished
2022-11-20T21:09:37-0300 - src.loading - ERROR - Could not connect to database
2022-11-20T21:09:37-0300 - src.loading - ERROR - Could not create table
2022-11-20T21:09:37-0300 - src.loading - ERROR - Could not save data
2022-11-20T21:09:37-0300 - src.loading - ERROR - Could not retrieve information
2022-11-20T21:09:37-0300 - __main__ - INFO - Process finished
2022-11-20T21:15:53-0300 - __main__ - INFO - Initializing process... 
2022-11-20T21:15:53-0300 - src.extraction - INFO - Initializing data extraction...
2022-11-20T21:15:55-0300 - src.extraction - INFO - Data extraction finished
2022-11-20T21:15:55-0300 - src.processing - INFO - Initializing data processing...
2022-11-20T21:15:55-0300 - src.processing - INFO - Data processing finished
2022-11-20T21:15:55-0300 - src.loading - ERROR - Could not connect to database
2022-11-20T21:15:55-0300 - src.loading - ERROR - Could not create table
2022-11-20T21:15:55-0300 - src.loading - ERROR - Could not save data
2022-11-20T21:15:55-0300 - src.loading - ERROR - Could not retrieve information
2022-11-20T21:15:55-0300 - __main__ - INFO - Process finished
2022-11-20T21:16:10-0300 - __main__ - INFO - Initializing process... 
2022-11-20T21:16:10-0300 - src.extraction - INFO - Initializing data extraction...
2022-11-20T21:16:11-0300 - src.extraction - INFO - Data extraction finished
2022-11-20T21:16:11-0300 - src.processing - INFO - Initializing data processing...
2022-11-20T21:16:12-0300 - src.processing - INFO - Data processing finished
2022-11-20T21:16:12-0300 - src.loading - INFO - Connection to db was ok
2022-11-20T21:16:12-0300 - src.loading - INFO - Table created successfully
2022-11-20T21:16:12-0300 - src.loading - INFO - Information retrieved successfully
2022-11-20T21:16:12-0300 - __main__ - INFO - Process finished
2022-11-20T21:16:50-0300 - __main__ - INFO - Initializing process... 
2022-11-20T21:16:50-0300 - src.extraction - INFO - Initializing data extraction...
2022-11-20T21:16:52-0300 - src.extraction - INFO - Data extraction finished
2022-11-20T21:16:52-0300 - src.processing - INFO - Initializing data processing...
2022-11-20T21:16:52-0300 - src.processing - INFO - Data processing finished
2022-11-20T21:16:52-0300 - src.loading - INFO - Connection to db was ok
2022-11-20T21:16:52-0300 - src.loading - INFO - Table created successfully
2022-11-20T21:16:52-0300 - __main__ - INFO - Process finished
2022-11-20T21:17:14-0300 - __main__ - INFO - Initializing process... 
2022-11-20T21:17:14-0300 - src.extraction - INFO - Initializing data extraction...
2022-11-20T21:17:16-0300 - src.extraction - INFO - Data extraction finished
2022-11-20T21:17:16-0300 - src.processing - INFO - Initializing data processing...
2022-11-20T21:17:16-0300 - src.processing - INFO - Data processing finished
2022-11-20T21:17:16-0300 - src.loading - INFO - Connection to db was ok
2022-11-20T21:17:16-0300 - src.loading - INFO - Table created successfully
2022-11-20T21:17:16-0300 - __main__ - INFO - Process finished
2022-11-20T21:18:21-0300 - __main__ - INFO - Initializing process... 
2022-11-20T21:18:21-0300 - src.extraction - INFO - Initializing data extraction...
2022-11-20T21:18:23-0300 - src.extraction - INFO - Data extraction finished
2022-11-20T21:18:23-0300 - src.processing - INFO - Initializing data processing...
2022-11-20T21:18:23-0300 - src.processing - INFO - Data processing finished
2022-11-20T21:18:23-0300 - src.loading - INFO - Connection to db was ok
2022-11-20T21:18:23-0300 - src.loading - INFO - Table created successfully
2022-11-20T21:18:23-0300 - __main__ - INFO - Process finished
2022-11-20T21:30:10-0300 - __main__ - INFO - Initializing process... 
2022-11-20T21:30:10-0300 - src.extraction - INFO - Initializing data extraction...
2022-11-20T21:30:11-0300 - src.extraction - INFO - Data extraction finished
2022-11-20T21:30:11-0300 - src.processing - INFO - Initializing data processing...
2022-11-20T21:30:11-0300 - src.processing - INFO - Data processing finished
2022-11-20T21:30:11-0300 - src.loading - INFO - Connection to db was ok
2022-11-20T21:30:11-0300 - src.loading - INFO - Table created successfully
2022-11-20T21:30:11-0300 - __main__ - INFO - Process finished
2022-11-20T21:35:03-0300 - __main__ - INFO - Initializing process... 
2022-11-20T21:35:03-0300 - src.extraction - INFO - Initializing data extraction...
2022-11-20T21:35:04-0300 - src.extraction - INFO - Data extraction finished
2022-11-20T21:35:04-0300 - src.processing - INFO - Initializing data processing...
2022-11-20T21:35:04-0300 - src.processing - INFO - Data processing finished
2022-11-20T21:35:04-0300 - src.loading - INFO - Connection to db was ok
2022-11-20T21:35:04-0300 - src.loading - INFO - Table created successfully
2022-11-20T21:35:04-0300 - __main__ - INFO - Process finished
2022-11-20T21:35:54-0300 - __main__ - INFO - Initializing process... 
2022-11-20T21:35:54-0300 - src.extraction - INFO - Initializing data extraction...
2022-11-20T21:35:55-0300 - src.extraction - INFO - Data extraction finished
2022-11-20T21:35:55-0300 - src.processing - INFO - Initializing data processing...
2022-11-20T21:35:55-0300 - src.processing - INFO - Data processing finished
2022-11-20T21:35:55-0300 - src.loading - INFO - Connection to db was ok
2022-11-20T21:35:55-0300 - src.loading - INFO - Table created successfully
2022-11-20T21:35:55-0300 - __main__ - INFO - Process finished
2022-11-20T21:36:52-0300 - __main__ - INFO - Initializing process... 
2022-11-20T21:36:52-0300 - src.extraction - INFO - Initializing data extraction...
2022-11-20T21:36:53-0300 - src.extraction - INFO - Data extraction finished
2022-11-20T21:36:53-0300 - src.processing - INFO - Initializing data processing...
2022-11-20T21:36:53-0300 - src.processing - INFO - Data processing finished
2022-11-20T21:36:53-0300 - src.loading - INFO - Connection to db was ok
2022-11-20T21:36:53-0300 - src.loading - INFO - Table created successfully
2022-11-20T21:36:53-0300 - __main__ - INFO - Process finished
2022-11-20T21:45:03-0300 - __main__ - INFO - Initializing process... 
2022-11-20T21:45:03-0300 - src.extraction - INFO - Initializing data extraction...
2022-11-20T21:45:04-0300 - src.extraction - INFO - Data extraction finished
2022-11-20T21:45:04-0300 - src.processing - INFO - Initializing data processing...
2022-11-20T21:45:04-0300 - src.processing - INFO - Data processing finished
2022-11-20T21:45:04-0300 - src.loading - INFO - Connection to db was ok
2022-11-20T21:45:04-0300 - src.loading - INFO - Table created successfully
2022-11-20T21:45:04-0300 - __main__ - INFO - Process finished
2022-11-20T21:47:02-0300 - __main__ - INFO - Initializing process... 
2022-11-20T21:47:02-0300 - src.extraction - INFO - Initializing data extraction...
2022-11-20T21:47:03-0300 - src.extraction - INFO - Data extraction finished
2022-11-20T21:47:03-0300 - src.processing - INFO - Initializing data processing...
2022-11-20T21:47:03-0300 - src.processing - INFO - Data processing finished
2022-11-20T21:47:03-0300 - src.loading - INFO - Connection to db was ok
2022-11-20T21:47:03-0300 - __main__ - INFO - Process finished
2022-11-20T21:56:35-0300 - __main__ - INFO - Initializing process... 
2022-11-20T21:56:35-0300 - src.extraction - INFO - Initializing data extraction...
2022-11-20T21:56:37-0300 - src.extraction - INFO - Data extraction finished
2022-11-20T21:56:37-0300 - src.processing - INFO - Initializing data processing...
2022-11-20T21:56:37-0300 - src.processing - INFO - Data processing finished
2022-11-20T21:56:37-0300 - src.loading - INFO - Connection to db was ok
2022-11-20T21:56:37-0300 - src.loading - ERROR - Something went wrong
2022-11-20T21:56:37-0300 - __main__ - INFO - Process finished
2022-11-20T21:57:11-0300 - __main__ - INFO - Initializing process... 
2022-11-20T21:57:11-0300 - src.extraction - INFO - Initializing data extraction...
2022-11-20T21:57:13-0300 - src.extraction - INFO - Data extraction finished
2022-11-20T21:57:13-0300 - src.processing - INFO - Initializing data processing...
2022-11-20T21:57:13-0300 - src.processing - INFO - Data processing finished
2022-11-20T21:57:13-0300 - src.loading - INFO - Connection to db was ok
2022-11-20T21:57:13-0300 - src.loading - INFO - Table created successfully
2022-11-20T21:57:13-0300 - src.loading - ERROR - Something went wrong
2022-11-20T21:57:13-0300 - __main__ - INFO - Process finished
2022-11-20T21:57:52-0300 - __main__ - INFO - Initializing process... 
2022-11-20T21:57:52-0300 - src.extraction - INFO - Initializing data extraction...
2022-11-20T21:57:53-0300 - src.extraction - INFO - Data extraction finished
2022-11-20T21:57:53-0300 - src.processing - INFO - Initializing data processing...
2022-11-20T21:57:53-0300 - src.processing - INFO - Data processing finished
2022-11-20T21:57:53-0300 - src.loading - INFO - Connection to db was ok
2022-11-20T21:57:53-0300 - src.loading - INFO - Table created successfully
2022-11-20T21:57:53-0300 - __main__ - INFO - Process finished
2022-11-20T21:59:05-0300 - __main__ - INFO - Initializing process... 
2022-11-20T21:59:05-0300 - src.extraction - INFO - Initializing data extraction...
2022-11-20T21:59:06-0300 - src.extraction - INFO - Data extraction finished
2022-11-20T21:59:06-0300 - src.processing - INFO - Initializing data processing...
2022-11-20T21:59:07-0300 - src.processing - INFO - Data processing finished
2022-11-20T21:59:07-0300 - src.loading - INFO - Connection to db was ok
2022-11-20T21:59:07-0300 - src.loading - INFO - Table created successfully
2022-11-20T21:59:07-0300 - __main__ - INFO - Process finished
2022-11-20T22:00:14-0300 - __main__ - INFO - Initializing process... 
2022-11-20T22:00:14-0300 - src.extraction - INFO - Initializing data extraction...
2022-11-20T22:00:16-0300 - src.extraction - INFO - Data extraction finished
2022-11-20T22:00:16-0300 - src.processing - INFO - Initializing data processing...
2022-11-20T22:00:16-0300 - src.processing - INFO - Data processing finished
2022-11-20T22:00:16-0300 - src.loading - INFO - Connection to db was ok
2022-11-20T22:00:16-0300 - src.loading - INFO - Table created successfully
2022-11-20T22:00:16-0300 - __main__ - INFO - Process finished
2022-11-20T22:01:14-0300 - __main__ - INFO - Initializing process... 
2022-11-20T22:01:14-0300 - src.extraction - INFO - Initializing data extraction...
2022-11-20T22:01:15-0300 - src.extraction - INFO - Data extraction finished
2022-11-20T22:01:15-0300 - src.processing - INFO - Initializing data processing...
2022-11-20T22:01:15-0300 - src.processing - INFO -       Unnamed: 0  Year               City    Sport      Discipline  NOC            Event Event gender Medal
311          311  1952               Oslo  Skating  Figure skating  USA       individual            M  Gold
314          314  1952               Oslo  Skating   Speed skating  USA             500m            M  Gold
316          316  1952               Oslo   Skiing   Alpine Skiing  USA     giant slalom            W  Gold
317          317  1952               Oslo   Skiing   Alpine Skiing  USA           slalom            W  Gold
386          386  1956  Cortina d'Ampezzo  Skating  Figure skating  USA       individual            M  Gold
...          ...   ...                ...      ...             ...  ...              ...          ...   ...
2301        2301  2006              Turin   Skiing   Alpine Skiing  USA  Alpine combined            M  Gold
2302        2302  2006              Turin   Skiing   Alpine Skiing  USA     giant slalom            W  Gold
2305        2305  2006              Turin   Skiing       Snowboard  USA        Half-pipe            M  Gold
2307        2307  2006              Turin   Skiing       Snowboard  USA        Half-pipe            W  Gold
2309        2309  2006              Turin   Skiing       Snowboard  USA  Snowboard Cross            M  Gold

[65 rows x 9 columns]
2022-11-20T22:01:15-0300 - src.processing - INFO - Data processing finished
2022-11-20T22:01:15-0300 - src.loading - INFO - Connection to db was ok
2022-11-20T22:01:15-0300 - src.loading - INFO - Table created successfully
2022-11-20T22:01:15-0300 - __main__ - INFO - Process finished
2022-11-20T22:02:35-0300 - __main__ - INFO - Initializing process... 
2022-11-20T22:02:35-0300 - src.extraction - INFO - Initializing data extraction...
2022-11-20T22:02:36-0300 - src.extraction - INFO - Data extraction finished
2022-11-20T22:02:36-0300 - src.processing - INFO - Initializing data processing...
2022-11-20T22:02:36-0300 - src.processing - INFO -       Unnamed: 0  Year               City    Sport      Discipline  NOC            Event Event gender Medal
311          311  1952               Oslo  Skating  Figure skating  USA       individual            M  Gold
314          314  1952               Oslo  Skating   Speed skating  USA             500m            M  Gold
316          316  1952               Oslo   Skiing   Alpine Skiing  USA     giant slalom            W  Gold
317          317  1952               Oslo   Skiing   Alpine Skiing  USA           slalom            W  Gold
386          386  1956  Cortina d'Ampezzo  Skating  Figure skating  USA       individual            M  Gold
...          ...   ...                ...      ...             ...  ...              ...          ...   ...
2301        2301  2006              Turin   Skiing   Alpine Skiing  USA  Alpine combined            M  Gold
2302        2302  2006              Turin   Skiing   Alpine Skiing  USA     giant slalom            W  Gold
2305        2305  2006              Turin   Skiing       Snowboard  USA        Half-pipe            M  Gold
2307        2307  2006              Turin   Skiing       Snowboard  USA        Half-pipe            W  Gold
2309        2309  2006              Turin   Skiing       Snowboard  USA  Snowboard Cross            M  Gold

[65 rows x 9 columns]
2022-11-20T22:02:36-0300 - src.processing - INFO - Data processing finished
2022-11-20T22:02:36-0300 - src.loading - INFO - Connection to db was ok
2022-11-20T22:02:36-0300 - src.loading - INFO - Table created successfully
2022-11-20T22:02:36-0300 - __main__ - INFO - Process finished
2022-11-20T22:06:11-0300 - __main__ - INFO - Initializing process... 
2022-11-20T22:06:11-0300 - src.extraction - INFO - Initializing data extraction...
2022-11-20T22:06:13-0300 - src.extraction - INFO - Data extraction finished
2022-11-20T22:06:13-0300 - src.processing - INFO - Initializing data processing...
2022-11-20T22:06:13-0300 - src.processing - INFO -       Year               City    Sport      Discipline  NOC            Event Event gender Medal
311   1952               Oslo  Skating  Figure skating  USA       individual            M  Gold
314   1952               Oslo  Skating   Speed skating  USA             500m            M  Gold
316   1952               Oslo   Skiing   Alpine Skiing  USA     giant slalom            W  Gold
317   1952               Oslo   Skiing   Alpine Skiing  USA           slalom            W  Gold
386   1956  Cortina d'Ampezzo  Skating  Figure skating  USA       individual            M  Gold
...    ...                ...      ...             ...  ...              ...          ...   ...
2301  2006              Turin   Skiing   Alpine Skiing  USA  Alpine combined            M  Gold
2302  2006              Turin   Skiing   Alpine Skiing  USA     giant slalom            W  Gold
2305  2006              Turin   Skiing       Snowboard  USA        Half-pipe            M  Gold
2307  2006              Turin   Skiing       Snowboard  USA        Half-pipe            W  Gold
2309  2006              Turin   Skiing       Snowboard  USA  Snowboard Cross            M  Gold

[65 rows x 8 columns]
2022-11-20T22:06:13-0300 - src.processing - INFO - Data processing finished
2022-11-20T22:06:13-0300 - __main__ - INFO - Process finished
2022-11-20T22:07:47-0300 - __main__ - INFO - Initializing process... 
2022-11-20T22:07:47-0300 - src.extraction - INFO - Initializing data extraction...
2022-11-20T22:07:48-0300 - src.extraction - INFO - Data extraction finished
2022-11-20T22:07:48-0300 - src.processing - INFO - Initializing data processing...
2022-11-20T22:07:49-0300 - src.processing - INFO - Data processing finished
2022-11-20T22:07:49-0300 - src.loading - INFO - Connection to db was ok
2022-11-20T22:07:49-0300 - src.loading - INFO - Table created successfully
2022-11-20T22:07:49-0300 - src.loading - INFO - Information retrieved successfully
2022-11-20T22:07:49-0300 - __main__ - INFO - Process finished
2022-11-20T22:08:38-0300 - __main__ - INFO - Initializing process... 
2022-11-20T22:08:38-0300 - src.extraction - INFO - Initializing data extraction...
2022-11-20T22:08:39-0300 - src.extraction - INFO - Data extraction finished
2022-11-20T22:08:39-0300 - src.processing - INFO - Initializing data processing...
2022-11-20T22:08:39-0300 - src.processing - INFO - Data processing finished
2022-11-20T22:08:39-0300 - src.loading - INFO - Connection to db was ok
2022-11-20T22:08:39-0300 - src.loading - INFO - Table created successfully
2022-11-20T22:08:39-0300 - src.loading - INFO - Data saved successfully
2022-11-20T22:08:39-0300 - src.loading - INFO - Information retrieved successfully
2022-11-20T22:08:39-0300 - __main__ - INFO - Process finished
2022-11-21T20:04:17-0300 - __main__ - INFO - Initializing process... 
2022-11-21T20:04:17-0300 - src.extraction - INFO - Initializing data extraction...
2022-11-21T20:04:18-0300 - src.extraction - INFO - Data extraction finished
2022-11-21T20:04:18-0300 - src.processing - INFO - Initializing data processing...
2022-11-21T20:04:18-0300 - src.processing - INFO - Data processing finished
2022-11-21T20:04:18-0300 - src.loading - INFO - Connection to db was ok
2022-11-21T20:04:18-0300 - src.loading - INFO - Table created successfully
2022-11-21T20:04:18-0300 - src.loading - INFO - Data saved successfully
2022-11-21T20:04:18-0300 - src.loading - INFO - Information retrieved successfully
2022-11-21T20:04:18-0300 - __main__ - INFO - Process finished
